<?xml version="1.0" encoding="UTF-8"?>
<testng-results ignored="0" total="1" passed="1" failed="0" skipped="0">
  <reporter-output>
  </reporter-output>
  <suite started-at="2020-12-09T17:41:38 EST" name="Default suite" finished-at="2020-12-09T17:41:44 EST" duration-ms="5299">
    <groups>
    </groups>
    <test started-at="2020-12-09T17:41:38 EST" name="Default test" finished-at="2020-12-09T17:41:44 EST" duration-ms="5299">
      <class name="RestAssureAPITest.APITest.demo_api_testing">
        <test-method signature="testResponseList()[pri:0, instance:RestAssureAPITest.APITest.demo_api_testing@19d37183]" started-at="2020-12-09T17:41:38 EST" name="testResponseList" finished-at="2020-12-09T17:41:44 EST" duration-ms="5229" status="PASS">
          <reporter-output>
          </reporter-output>
        </test-method> <!-- testResponseList -->
      </class> <!-- RestAssureAPITest.APITest.demo_api_testing -->
    </test> <!-- Default test -->
  </suite> <!-- Default suite -->
</testng-results>
